 
:: initializing oneAPI environment ...
   slurm_script: BASH_VERSION = 4.4.20(1)-release
   args: Using "$@" for setvars.sh arguments: 
:: advisor -- latest
:: ccl -- latest
:: clck -- latest
:: compiler -- latest
:: dal -- latest
:: debugger -- latest
:: dev-utilities -- latest
:: dnnl -- latest
:: dpcpp-ct -- latest
:: dpl -- latest
:: inspector -- latest
:: ipp -- latest
:: ippcp -- latest
:: ipp -- latest
:: itac -- latest
:: mkl -- latest
:: mpi -- latest
:: tbb -- latest
:: vtune -- latest
:: oneAPI environment initialized ::
 
job start time is Wed Dec 4 17:50:05 -05 2024
+ srun -N1 -n1 --cpu_bind=cores -l --nodelist=gn03 --cpus-per-task=96 singularity exec --nv -B /home/urso -B /scratch --pwd /home/urso/PavicHDR/logs /home/urso/.lico/container/Python.sif bash /home/urso/PavicHDR/train.sh
0: ===> Start training 
0: 
0:         Dataset dir:     /home/urso/Datasets/Kalantari/
0:         Subset:          sig17_training_crop128_stride64
0:         Epochs:          100
0:         Batch size:      32
0:         Learning rate:   0.0002
0:         Training size:   68376
0:         Device:          cuda
0:         
0: Traceback (most recent call last):
0:   File "/home/urso/PavicHDR/train.py", line 360, in <module>
0:   File "/home/urso/PavicHDR/train.py", line 354, in main
0:   File "/home/urso/PavicHDR/train.py", line 131, in train
0:     print(
0:           
0: ValueError: Format specifier missing precision
srun: error: gn03: task 0: Exited with exit code 1
+ set +x
job end time is Wed Dec 4 17:55:07 -05 2024
