 
:: initializing oneAPI environment ...
   slurm_script: BASH_VERSION = 4.4.20(1)-release
   args: Using "$@" for setvars.sh arguments: 
:: advisor -- latest
:: ccl -- latest
:: clck -- latest
:: compiler -- latest
:: dal -- latest
:: debugger -- latest
:: dev-utilities -- latest
:: dnnl -- latest
:: dpcpp-ct -- latest
:: dpl -- latest
:: inspector -- latest
:: ipp -- latest
:: ippcp -- latest
:: ipp -- latest
:: itac -- latest
:: mkl -- latest
:: mpi -- latest
:: tbb -- latest
:: vtune -- latest
:: oneAPI environment initialized ::
 
job start time is Tue Dec 3 11:40:16 -05 2024
+ srun -N1 -n1 --cpu_bind=cores -l --nodelist=gn02 --cpus-per-task=96 singularity exec --nv -B /home/urso -B /scratch --pwd /home/urso/PavicHDR/logs /home/urso/.lico/container/Python.sif bash /home/urso/PavicHDR/train.sh
0: Traceback (most recent call last):
0:   File "/home/urso/PavicHDR/train.py", line 8, in <module>
0:     from utils.utils import *
0:   File "/home/urso/PavicHDR/utils/utils.py", line 4, in <module>
0:     import cv2
0: ModuleNotFoundError: No module named 'cv2'
srun: error: gn02: task 0: Exited with exit code 1
+ set +x
job end time is Tue Dec 3 11:40:25 -05 2024
