 
:: initializing oneAPI environment ...
   slurm_script: BASH_VERSION = 4.4.20(1)-release
   args: Using "$@" for setvars.sh arguments: 
:: advisor -- latest
:: ccl -- latest
:: clck -- latest
:: compiler -- latest
:: dal -- latest
:: debugger -- latest
:: dev-utilities -- latest
:: dnnl -- latest
:: dpcpp-ct -- latest
:: dpl -- latest
:: inspector -- latest
:: ipp -- latest
:: ippcp -- latest
:: ipp -- latest
:: itac -- latest
:: mkl -- latest
:: mpi -- latest
:: tbb -- latest
:: vtune -- latest
:: oneAPI environment initialized ::
 
job start time is Wed Dec 4 18:21:15 -05 2024
+ srun -N1 -n1 --cpu_bind=cores -l --nodelist=gn03 --cpus-per-task=96 singularity exec --nv -B /home/urso -B /scratch --pwd /home/urso/PavicHDR/logs /home/urso/.lico/container/Python.sif bash /home/urso/PavicHDR/train.sh
0: ===> Start training 
0: 
0:         Dataset dir:     /home/urso/Datasets/Kalantari/
0:         Subset:          sig17_training_crop128_stride64
0:         Epochs:          100
0:         Batch size:      32
0:         Learning rate:   0.0002
0:         Training size:   68376
0:         Device:          cuda
0:         
0: tensor(0.4024, device='cuda:0', grad_fn=<AddBackward0>)
0: tensor(0.4479, device='cuda:0', grad_fn=<AddBackward0>)
0: tensor(0.4410, device='cuda:0', grad_fn=<AddBackward0>)
0: tensor(0.4095, device='cuda:0', grad_fn=<AddBackward0>)
0: tensor(0.4254, device='cuda:0', grad_fn=<AddBackward0>)
0: tensor(0.3910, device='cuda:0', grad_fn=<AddBackward0>)
0: tensor(0.4253, device='cuda:0', grad_fn=<AddBackward0>)
0: tensor(0.4326, device='cuda:0', grad_fn=<AddBackward0>)
0: tensor(0.4336, device='cuda:0', grad_fn=<AddBackward0>)
0: tensor(0.3901, device='cuda:0', grad_fn=<AddBackward0>)
0: tensor(0.4246, device='cuda:0', grad_fn=<AddBackward0>)
0: tensor(0.3959, device='cuda:0', grad_fn=<AddBackward0>)
0: tensor(0.3168, device='cuda:0', grad_fn=<AddBackward0>)
0: tensor(0.2831, device='cuda:0', grad_fn=<AddBackward0>)
0: tensor(0.2530, device='cuda:0', grad_fn=<AddBackward0>)
0: tensor(0.3266, device='cuda:0', grad_fn=<AddBackward0>)
0: tensor(0.2655, device='cuda:0', grad_fn=<AddBackward0>)
0: tensor(0.2298, device='cuda:0', grad_fn=<AddBackward0>)
0: tensor(0.1955, device='cuda:0', grad_fn=<AddBackward0>)
0: tensor(0.2160, device='cuda:0', grad_fn=<AddBackward0>)
0: tensor(0.2094, device='cuda:0', grad_fn=<AddBackward0>)
0: tensor(0.2100, device='cuda:0', grad_fn=<AddBackward0>)
0: tensor(0.1766, device='cuda:0', grad_fn=<AddBackward0>)
0: tensor(0.1789, device='cuda:0', grad_fn=<AddBackward0>)
0: tensor(0.1790, device='cuda:0', grad_fn=<AddBackward0>)
0: tensor(0.1774, device='cuda:0', grad_fn=<AddBackward0>)
0: tensor(0.1597, device='cuda:0', grad_fn=<AddBackward0>)
0: tensor(0.1746, device='cuda:0', grad_fn=<AddBackward0>)
0: tensor(0.1578, device='cuda:0', grad_fn=<AddBackward0>)
0: tensor(0.1347, device='cuda:0', grad_fn=<AddBackward0>)
0: tensor(0.1252, device='cuda:0', grad_fn=<AddBackward0>)
0: tensor(0.1134, device='cuda:0', grad_fn=<AddBackward0>)
0: tensor(0.1157, device='cuda:0', grad_fn=<AddBackward0>)
0: tensor(0.1079, device='cuda:0', grad_fn=<AddBackward0>)
0: tensor(0.1234, device='cuda:0', grad_fn=<AddBackward0>)
0: tensor(0.1157, device='cuda:0', grad_fn=<AddBackward0>)
0: tensor(0.1190, device='cuda:0', grad_fn=<AddBackward0>)
0: tensor(0.1335, device='cuda:0', grad_fn=<AddBackward0>)
0: tensor(0.1212, device='cuda:0', grad_fn=<AddBackward0>)
0: tensor(0.0972, device='cuda:0', grad_fn=<AddBackward0>)
0: tensor(0.0983, device='cuda:0', grad_fn=<AddBackward0>)
0: tensor(0.0866, device='cuda:0', grad_fn=<AddBackward0>)
0: tensor(0.1064, device='cuda:0', grad_fn=<AddBackward0>)
0: tensor(0.1058, device='cuda:0', grad_fn=<AddBackward0>)
0: tensor(0.1133, device='cuda:0', grad_fn=<AddBackward0>)
0: tensor(0.1014, device='cuda:0', grad_fn=<AddBackward0>)
0: tensor(0.0911, device='cuda:0', grad_fn=<AddBackward0>)
0: tensor(0.1020, device='cuda:0', grad_fn=<AddBackward0>)
0: tensor(0.0889, device='cuda:0', grad_fn=<AddBackward0>)
0: tensor(0.0947, device='cuda:0', grad_fn=<AddBackward0>)
0: tensor(0.0852, device='cuda:0', grad_fn=<AddBackward0>)
0: tensor(0.0859, device='cuda:0', grad_fn=<AddBackward0>)
0: tensor(0.0898, device='cuda:0', grad_fn=<AddBackward0>)
0: tensor(0.0953, device='cuda:0', grad_fn=<AddBackward0>)
0: tensor(0.0941, device='cuda:0', grad_fn=<AddBackward0>)
0: tensor(0.0962, device='cuda:0', grad_fn=<AddBackward0>)
0: tensor(0.0827, device='cuda:0', grad_fn=<AddBackward0>)
0: tensor(0.0830, device='cuda:0', grad_fn=<AddBackward0>)
0: tensor(0.0955, device='cuda:0', grad_fn=<AddBackward0>)
0: tensor(0.0815, device='cuda:0', grad_fn=<AddBackward0>)
0: tensor(0.0913, device='cuda:0', grad_fn=<AddBackward0>)
0: tensor(0.0887, device='cuda:0', grad_fn=<AddBackward0>)
0: tensor(0.0822, device='cuda:0', grad_fn=<AddBackward0>)
0: tensor(0.0857, device='cuda:0', grad_fn=<AddBackward0>)
0: tensor(0.0816, device='cuda:0', grad_fn=<AddBackward0>)
0: tensor(0.0873, device='cuda:0', grad_fn=<AddBackward0>)
0: tensor(0.0880, device='cuda:0', grad_fn=<AddBackward0>)
0: tensor(0.0879, device='cuda:0', grad_fn=<AddBackward0>)
0: tensor(0.0705, device='cuda:0', grad_fn=<AddBackward0>)
0: tensor(0.0854, device='cuda:0', grad_fn=<AddBackward0>)
0: tensor(0.0827, device='cuda:0', grad_fn=<AddBackward0>)
0: tensor(0.0914, device='cuda:0', grad_fn=<AddBackward0>)
0: tensor(0.0862, device='cuda:0', grad_fn=<AddBackward0>)
0: tensor(0.0775, device='cuda:0', grad_fn=<AddBackward0>)
0: tensor(0.0936, device='cuda:0', grad_fn=<AddBackward0>)
0: tensor(0.0957, device='cuda:0', grad_fn=<AddBackward0>)
0: tensor(0.0903, device='cuda:0', grad_fn=<AddBackward0>)
0: tensor(0.0903, device='cuda:0', grad_fn=<AddBackward0>)
0: tensor(0.0848, device='cuda:0', grad_fn=<AddBackward0>)
0: tensor(0.0807, device='cuda:0', grad_fn=<AddBackward0>)
0: tensor(0.0708, device='cuda:0', grad_fn=<AddBackward0>)
0: tensor(0.0752, device='cuda:0', grad_fn=<AddBackward0>)
0: tensor(0.0796, device='cuda:0', grad_fn=<AddBackward0>)
0: tensor(0.0814, device='cuda:0', grad_fn=<AddBackward0>)
0: tensor(0.0894, device='cuda:0', grad_fn=<AddBackward0>)
0: tensor(0.0731, device='cuda:0', grad_fn=<AddBackward0>)
0: tensor(0.0924, device='cuda:0', grad_fn=<AddBackward0>)
0: tensor(0.0735, device='cuda:0', grad_fn=<AddBackward0>)
0: tensor(0.0778, device='cuda:0', grad_fn=<AddBackward0>)
0: tensor(0.0892, device='cuda:0', grad_fn=<AddBackward0>)
0: tensor(0.0799, device='cuda:0', grad_fn=<AddBackward0>)
0: tensor(0.0760, device='cuda:0', grad_fn=<AddBackward0>)
0: tensor(0.0805, device='cuda:0', grad_fn=<AddBackward0>)
0: tensor(0.0687, device='cuda:0', grad_fn=<AddBackward0>)
0: tensor(0.0726, device='cuda:0', grad_fn=<AddBackward0>)
0: tensor(0.0841, device='cuda:0', grad_fn=<AddBackward0>)
0: tensor(0.0790, device='cuda:0', grad_fn=<AddBackward0>)
0: tensor(0.0743, device='cuda:0', grad_fn=<AddBackward0>)
0: tensor(0.0757, device='cuda:0', grad_fn=<AddBackward0>)
0: tensor(0.0789, device='cuda:0', grad_fn=<AddBackward0>)
0: tensor(0.0731, device='cuda:0', grad_fn=<AddBackward0>)
0: tensor(0.0785, device='cuda:0', grad_fn=<AddBackward0>)
0: tensor(0.0856, device='cuda:0', grad_fn=<AddBackward0>)
0: tensor(0.0765, device='cuda:0', grad_fn=<AddBackward0>)
0: tensor(0.0863, device='cuda:0', grad_fn=<AddBackward0>)
0: tensor(0.0718, device='cuda:0', grad_fn=<AddBackward0>)
0: tensor(0.0753, device='cuda:0', grad_fn=<AddBackward0>)
0: tensor(0.0841, device='cuda:0', grad_fn=<AddBackward0>)
0: tensor(0.0863, device='cuda:0', grad_fn=<AddBackward0>)
0: tensor(0.0702, device='cuda:0', grad_fn=<AddBackward0>)
0: tensor(0.0881, device='cuda:0', grad_fn=<AddBackward0>)
0: tensor(0.0825, device='cuda:0', grad_fn=<AddBackward0>)
0: tensor(0.0683, device='cuda:0', grad_fn=<AddBackward0>)
0: tensor(0.0797, device='cuda:0', grad_fn=<AddBackward0>)
0: tensor(0.0781, device='cuda:0', grad_fn=<AddBackward0>)
0: tensor(0.0727, device='cuda:0', grad_fn=<AddBackward0>)
0: tensor(0.0665, device='cuda:0', grad_fn=<AddBackward0>)
0: tensor(0.0722, device='cuda:0', grad_fn=<AddBackward0>)
0: tensor(0.0671, device='cuda:0', grad_fn=<AddBackward0>)
0: tensor(0.0686, device='cuda:0', grad_fn=<AddBackward0>)
0: tensor(0.0764, device='cuda:0', grad_fn=<AddBackward0>)
0: tensor(0.0699, device='cuda:0', grad_fn=<AddBackward0>)
0: tensor(0.0714, device='cuda:0', grad_fn=<AddBackward0>)
0: tensor(0.0738, device='cuda:0', grad_fn=<AddBackward0>)
0: tensor(0.0721, device='cuda:0', grad_fn=<AddBackward0>)
0: tensor(0.0711, device='cuda:0', grad_fn=<AddBackward0>)
0: tensor(0.0756, device='cuda:0', grad_fn=<AddBackward0>)
0: tensor(0.0662, device='cuda:0', grad_fn=<AddBackward0>)
0: tensor(0.0715, device='cuda:0', grad_fn=<AddBackward0>)
0: tensor(0.0756, device='cuda:0', grad_fn=<AddBackward0>)
0: tensor(0.0610, device='cuda:0', grad_fn=<AddBackward0>)
0: tensor(0.0723, device='cuda:0', grad_fn=<AddBackward0>)
0: tensor(0.0707, device='cuda:0', grad_fn=<AddBackward0>)
0: tensor(0.0713, device='cuda:0', grad_fn=<AddBackward0>)
0: tensor(0.0741, device='cuda:0', grad_fn=<AddBackward0>)
0: tensor(0.0665, device='cuda:0', grad_fn=<AddBackward0>)
0: tensor(0.0698, device='cuda:0', grad_fn=<AddBackward0>)
0: tensor(0.0661, device='cuda:0', grad_fn=<AddBackward0>)
0: tensor(0.0665, device='cuda:0', grad_fn=<AddBackward0>)
0: tensor(0.0711, device='cuda:0', grad_fn=<AddBackward0>)
0: tensor(0.0659, device='cuda:0', grad_fn=<AddBackward0>)
0: tensor(0.0740, device='cuda:0', grad_fn=<AddBackward0>)
0: tensor(0.0782, device='cuda:0', grad_fn=<AddBackward0>)
0: tensor(0.0700, device='cuda:0', grad_fn=<AddBackward0>)
0: tensor(0.0808, device='cuda:0', grad_fn=<AddBackward0>)
0: tensor(0.0688, device='cuda:0', grad_fn=<AddBackward0>)
0: tensor(0.0633, device='cuda:0', grad_fn=<AddBackward0>)
0: tensor(0.0763, device='cuda:0', grad_fn=<AddBackward0>)
0: tensor(0.0664, device='cuda:0', grad_fn=<AddBackward0>)
0: tensor(0.0793, device='cuda:0', grad_fn=<AddBackward0>)
0: tensor(0.0649, device='cuda:0', grad_fn=<AddBackward0>)
0: tensor(0.0715, device='cuda:0', grad_fn=<AddBackward0>)
0: tensor(0.0653, device='cuda:0', grad_fn=<AddBackward0>)
0: tensor(0.0720, device='cuda:0', grad_fn=<AddBackward0>)
0: tensor(0.0709, device='cuda:0', grad_fn=<AddBackward0>)
0: tensor(0.0703, device='cuda:0', grad_fn=<AddBackward0>)
0: tensor(0.0674, device='cuda:0', grad_fn=<AddBackward0>)
0: tensor(0.0722, device='cuda:0', grad_fn=<AddBackward0>)
0: tensor(0.0625, device='cuda:0', grad_fn=<AddBackward0>)
0: tensor(0.0674, device='cuda:0', grad_fn=<AddBackward0>)
0: tensor(0.0634, device='cuda:0', grad_fn=<AddBackward0>)
0: tensor(0.0646, device='cuda:0', grad_fn=<AddBackward0>)
0: tensor(0.0631, device='cuda:0', grad_fn=<AddBackward0>)
0: tensor(0.0686, device='cuda:0', grad_fn=<AddBackward0>)
0: tensor(0.0616, device='cuda:0', grad_fn=<AddBackward0>)
0: tensor(0.0516, device='cuda:0', grad_fn=<AddBackward0>)
0: tensor(0.0669, device='cuda:0', grad_fn=<AddBackward0>)
0: tensor(0.0710, device='cuda:0', grad_fn=<AddBackward0>)
0: tensor(0.0685, device='cuda:0', grad_fn=<AddBackward0>)
0: tensor(0.0632, device='cuda:0', grad_fn=<AddBackward0>)
0: tensor(0.0605, device='cuda:0', grad_fn=<AddBackward0>)
0: tensor(0.0600, device='cuda:0', grad_fn=<AddBackward0>)
0: tensor(0.0663, device='cuda:0', grad_fn=<AddBackward0>)
0: tensor(0.0638, device='cuda:0', grad_fn=<AddBackward0>)
0: tensor(0.0605, device='cuda:0', grad_fn=<AddBackward0>)
0: tensor(0.0679, device='cuda:0', grad_fn=<AddBackward0>)
0: tensor(0.0667, device='cuda:0', grad_fn=<AddBackward0>)
0: tensor(0.0668, device='cuda:0', grad_fn=<AddBackward0>)
0: tensor(0.0673, device='cuda:0', grad_fn=<AddBackward0>)
0: tensor(0.0627, device='cuda:0', grad_fn=<AddBackward0>)
0: tensor(0.0736, device='cuda:0', grad_fn=<AddBackward0>)
0: tensor(0.0632, device='cuda:0', grad_fn=<AddBackward0>)
0: tensor(0.0684, device='cuda:0', grad_fn=<AddBackward0>)
0: tensor(0.0691, device='cuda:0', grad_fn=<AddBackward0>)
0: tensor(0.0621, device='cuda:0', grad_fn=<AddBackward0>)
0: tensor(0.0726, device='cuda:0', grad_fn=<AddBackward0>)
0: tensor(0.0637, device='cuda:0', grad_fn=<AddBackward0>)
0: tensor(0.0761, device='cuda:0', grad_fn=<AddBackward0>)
0: tensor(0.0800, device='cuda:0', grad_fn=<AddBackward0>)
0: tensor(0.0623, device='cuda:0', grad_fn=<AddBackward0>)
0: tensor(0.0733, device='cuda:0', grad_fn=<AddBackward0>)
0: tensor(0.0736, device='cuda:0', grad_fn=<AddBackward0>)
0: tensor(0.0620, device='cuda:0', grad_fn=<AddBackward0>)
0: tensor(0.0706, device='cuda:0', grad_fn=<AddBackward0>)
0: tensor(0.0619, device='cuda:0', grad_fn=<AddBackward0>)
0: tensor(0.0716, device='cuda:0', grad_fn=<AddBackward0>)
0: tensor(0.0778, device='cuda:0', grad_fn=<AddBackward0>)
0: tensor(0.0594, device='cuda:0', grad_fn=<AddBackward0>)
0: tensor(0.0615, device='cuda:0', grad_fn=<AddBackward0>)
0: tensor(0.0643, device='cuda:0', grad_fn=<AddBackward0>)
0: tensor(0.0638, device='cuda:0', grad_fn=<AddBackward0>)
0: tensor(0.0694, device='cuda:0', grad_fn=<AddBackward0>)
0: tensor(0.0644, device='cuda:0', grad_fn=<AddBackward0>)
0: tensor(0.0637, device='cuda:0', grad_fn=<AddBackward0>)
0: tensor(0.0626, device='cuda:0', grad_fn=<AddBackward0>)
0: tensor(0.0578, device='cuda:0', grad_fn=<AddBackward0>)
0: tensor(0.0597, device='cuda:0', grad_fn=<AddBackward0>)
0: tensor(0.0558, device='cuda:0', grad_fn=<AddBackward0>)
0: tensor(0.0609, device='cuda:0', grad_fn=<AddBackward0>)
0: tensor(0.0594, device='cuda:0', grad_fn=<AddBackward0>)
0: tensor(0.0570, device='cuda:0', grad_fn=<AddBackward0>)
0: tensor(0.0677, device='cuda:0', grad_fn=<AddBackward0>)
0: tensor(0.0629, device='cuda:0', grad_fn=<AddBackward0>)
0: tensor(0.0586, device='cuda:0', grad_fn=<AddBackward0>)
0: tensor(0.0617, device='cuda:0', grad_fn=<AddBackward0>)
0: tensor(0.0599, device='cuda:0', grad_fn=<AddBackward0>)
0: tensor(0.0584, device='cuda:0', grad_fn=<AddBackward0>)
0: tensor(0.0615, device='cuda:0', grad_fn=<AddBackward0>)
0: tensor(0.0611, device='cuda:0', grad_fn=<AddBackward0>)
0: tensor(0.0629, device='cuda:0', grad_fn=<AddBackward0>)
0: tensor(0.0652, device='cuda:0', grad_fn=<AddBackward0>)
0: tensor(0.0591, device='cuda:0', grad_fn=<AddBackward0>)
0: tensor(0.0598, device='cuda:0', grad_fn=<AddBackward0>)
0: tensor(0.0572, device='cuda:0', grad_fn=<AddBackward0>)
0: tensor(0.0588, device='cuda:0', grad_fn=<AddBackward0>)
0: tensor(0.0585, device='cuda:0', grad_fn=<AddBackward0>)
0: tensor(0.0582, device='cuda:0', grad_fn=<AddBackward0>)
0: tensor(0.0507, device='cuda:0', grad_fn=<AddBackward0>)
0: tensor(0.0600, device='cuda:0', grad_fn=<AddBackward0>)
0: tensor(0.0563, device='cuda:0', grad_fn=<AddBackward0>)
0: tensor(0.0525, device='cuda:0', grad_fn=<AddBackward0>)
0: tensor(0.0588, device='cuda:0', grad_fn=<AddBackward0>)
0: tensor(0.0617, device='cuda:0', grad_fn=<AddBackward0>)
0: tensor(0.0606, device='cuda:0', grad_fn=<AddBackward0>)
0: tensor(0.0573, device='cuda:0', grad_fn=<AddBackward0>)
0: tensor(0.0632, device='cuda:0', grad_fn=<AddBackward0>)
0: tensor(0.0625, device='cuda:0', grad_fn=<AddBackward0>)
0: tensor(0.0675, device='cuda:0', grad_fn=<AddBackward0>)
0: tensor(0.0648, device='cuda:0', grad_fn=<AddBackward0>)
0: tensor(0.0568, device='cuda:0', grad_fn=<AddBackward0>)
0: tensor(0.0587, device='cuda:0', grad_fn=<AddBackward0>)
0: tensor(0.0553, device='cuda:0', grad_fn=<AddBackward0>)
0: tensor(0.0538, device='cuda:0', grad_fn=<AddBackward0>)
0: tensor(0.0603, device='cuda:0', grad_fn=<AddBackward0>)
0: tensor(0.0635, device='cuda:0', grad_fn=<AddBackward0>)
0: tensor(0.0540, device='cuda:0', grad_fn=<AddBackward0>)
0: tensor(0.0570, device='cuda:0', grad_fn=<AddBackward0>)
0: tensor(0.0548, device='cuda:0', grad_fn=<AddBackward0>)
0: tensor(0.0650, device='cuda:0', grad_fn=<AddBackward0>)
0: tensor(0.0559, device='cuda:0', grad_fn=<AddBackward0>)
0: tensor(0.0554, device='cuda:0', grad_fn=<AddBackward0>)
0: tensor(0.0535, device='cuda:0', grad_fn=<AddBackward0>)
0: tensor(0.0590, device='cuda:0', grad_fn=<AddBackward0>)
0: tensor(0.0579, device='cuda:0', grad_fn=<AddBackward0>)
0: tensor(0.0632, device='cuda:0', grad_fn=<AddBackward0>)
0: tensor(0.0527, device='cuda:0', grad_fn=<AddBackward0>)
0: tensor(0.0616, device='cuda:0', grad_fn=<AddBackward0>)
0: tensor(0.0543, device='cuda:0', grad_fn=<AddBackward0>)
0: tensor(0.0587, device='cuda:0', grad_fn=<AddBackward0>)
0: tensor(0.0548, device='cuda:0', grad_fn=<AddBackward0>)
0: tensor(0.0559, device='cuda:0', grad_fn=<AddBackward0>)
0: tensor(0.0551, device='cuda:0', grad_fn=<AddBackward0>)
0: tensor(0.0539, device='cuda:0', grad_fn=<AddBackward0>)
0: tensor(0.0529, device='cuda:0', grad_fn=<AddBackward0>)
0: tensor(0.0542, device='cuda:0', grad_fn=<AddBackward0>)
0: tensor(0.0541, device='cuda:0', grad_fn=<AddBackward0>)
0: tensor(0.0530, device='cuda:0', grad_fn=<AddBackward0>)
0: tensor(0.0573, device='cuda:0', grad_fn=<AddBackward0>)
0: tensor(0.0552, device='cuda:0', grad_fn=<AddBackward0>)
0: tensor(0.0489, device='cuda:0', grad_fn=<AddBackward0>)
0: tensor(0.0549, device='cuda:0', grad_fn=<AddBackward0>)
0: tensor(0.0539, device='cuda:0', grad_fn=<AddBackward0>)
0: tensor(0.0525, device='cuda:0', grad_fn=<AddBackward0>)
0: tensor(0.0569, device='cuda:0', grad_fn=<AddBackward0>)
0: tensor(0.0535, device='cuda:0', grad_fn=<AddBackward0>)
0: tensor(0.0586, device='cuda:0', grad_fn=<AddBackward0>)
0: tensor(0.0529, device='cuda:0', grad_fn=<AddBackward0>)
0: tensor(0.0565, device='cuda:0', grad_fn=<AddBackward0>)
0: tensor(0.0540, device='cuda:0', grad_fn=<AddBackward0>)
0: tensor(0.0494, device='cuda:0', grad_fn=<AddBackward0>)
0: tensor(0.0522, device='cuda:0', grad_fn=<AddBackward0>)
0: tensor(0.0547, device='cuda:0', grad_fn=<AddBackward0>)
0: tensor(0.0546, device='cuda:0', grad_fn=<AddBackward0>)
0: tensor(0.0478, device='cuda:0', grad_fn=<AddBackward0>)
0: tensor(0.0497, device='cuda:0', grad_fn=<AddBackward0>)
0: tensor(0.0512, device='cuda:0', grad_fn=<AddBackward0>)
0: tensor(0.0522, device='cuda:0', grad_fn=<AddBackward0>)
0: tensor(0.0584, device='cuda:0', grad_fn=<AddBackward0>)
0: tensor(0.0556, device='cuda:0', grad_fn=<AddBackward0>)
0: tensor(0.0504, device='cuda:0', grad_fn=<AddBackward0>)
0: tensor(0.0587, device='cuda:0', grad_fn=<AddBackward0>)
0: tensor(0.0547, device='cuda:0', grad_fn=<AddBackward0>)
0: tensor(0.0518, device='cuda:0', grad_fn=<AddBackward0>)
0: tensor(0.0535, device='cuda:0', grad_fn=<AddBackward0>)
0: tensor(0.0500, device='cuda:0', grad_fn=<AddBackward0>)
0: tensor(0.0572, device='cuda:0', grad_fn=<AddBackward0>)
0: tensor(0.0490, device='cuda:0', grad_fn=<AddBackward0>)
0: tensor(0.0565, device='cuda:0', grad_fn=<AddBackward0>)
0: tensor(0.0530, device='cuda:0', grad_fn=<AddBackward0>)
0: tensor(0.0537, device='cuda:0', grad_fn=<AddBackward0>)
0: tensor(0.0514, device='cuda:0', grad_fn=<AddBackward0>)
0: tensor(0.0533, device='cuda:0', grad_fn=<AddBackward0>)
0: tensor(0.0501, device='cuda:0', grad_fn=<AddBackward0>)
0: tensor(0.0620, device='cuda:0', grad_fn=<AddBackward0>)
0: tensor(0.0550, device='cuda:0', grad_fn=<AddBackward0>)
0: tensor(0.0506, device='cuda:0', grad_fn=<AddBackward0>)
0: tensor(0.0473, device='cuda:0', grad_fn=<AddBackward0>)
0: tensor(0.0519, device='cuda:0', grad_fn=<AddBackward0>)
0: tensor(0.0566, device='cuda:0', grad_fn=<AddBackward0>)
0: tensor(0.0561, device='cuda:0', grad_fn=<AddBackward0>)
0: tensor(0.0499, device='cuda:0', grad_fn=<AddBackward0>)
0: tensor(0.0519, device='cuda:0', grad_fn=<AddBackward0>)
0: tensor(0.0485, device='cuda:0', grad_fn=<AddBackward0>)
0: tensor(0.0540, device='cuda:0', grad_fn=<AddBackward0>)
0: tensor(0.0553, device='cuda:0', grad_fn=<AddBackward0>)
0: tensor(0.0625, device='cuda:0', grad_fn=<AddBackward0>)
0: tensor(0.0596, device='cuda:0', grad_fn=<AddBackward0>)
0: tensor(0.0515, device='cuda:0', grad_fn=<AddBackward0>)
0: tensor(0.0610, device='cuda:0', grad_fn=<AddBackward0>)
0: tensor(0.0514, device='cuda:0', grad_fn=<AddBackward0>)
0: tensor(0.0582, device='cuda:0', grad_fn=<AddBackward0>)
0: tensor(0.0603, device='cuda:0', grad_fn=<AddBackward0>)
0: tensor(0.0551, device='cuda:0', grad_fn=<AddBackward0>)
0: tensor(0.0538, device='cuda:0', grad_fn=<AddBackward0>)
0: tensor(0.0500, device='cuda:0', grad_fn=<AddBackward0>)
0: tensor(0.0512, device='cuda:0', grad_fn=<AddBackward0>)
0: tensor(0.0536, device='cuda:0', grad_fn=<AddBackward0>)
0: tensor(0.0523, device='cuda:0', grad_fn=<AddBackward0>)
0: tensor(0.0483, device='cuda:0', grad_fn=<AddBackward0>)
0: tensor(0.0523, device='cuda:0', grad_fn=<AddBackward0>)
0: tensor(0.0499, device='cuda:0', grad_fn=<AddBackward0>)
0: tensor(0.0498, device='cuda:0', grad_fn=<AddBackward0>)
0: tensor(0.0503, device='cuda:0', grad_fn=<AddBackward0>)
0: tensor(0.0553, device='cuda:0', grad_fn=<AddBackward0>)
0: tensor(0.0478, device='cuda:0', grad_fn=<AddBackward0>)
0: tensor(0.0520, device='cuda:0', grad_fn=<AddBackward0>)
0: tensor(0.0455, device='cuda:0', grad_fn=<AddBackward0>)
0: tensor(0.0533, device='cuda:0', grad_fn=<AddBackward0>)
0: tensor(0.0521, device='cuda:0', grad_fn=<AddBackward0>)
0: tensor(0.0505, device='cuda:0', grad_fn=<AddBackward0>)
0: tensor(0.0497, device='cuda:0', grad_fn=<AddBackward0>)
0: tensor(0.0516, device='cuda:0', grad_fn=<AddBackward0>)
0: tensor(0.0495, device='cuda:0', grad_fn=<AddBackward0>)
0: tensor(0.0439, device='cuda:0', grad_fn=<AddBackward0>)
0: tensor(0.0458, device='cuda:0', grad_fn=<AddBackward0>)
0: tensor(0.0566, device='cuda:0', grad_fn=<AddBackward0>)
0: tensor(0.0515, device='cuda:0', grad_fn=<AddBackward0>)
0: tensor(0.0494, device='cuda:0', grad_fn=<AddBackward0>)
0: tensor(0.0481, device='cuda:0', grad_fn=<AddBackward0>)
0: tensor(0.0507, device='cuda:0', grad_fn=<AddBackward0>)
0: tensor(0.0466, device='cuda:0', grad_fn=<AddBackward0>)
0: tensor(0.0520, device='cuda:0', grad_fn=<AddBackward0>)
0: tensor(0.0465, device='cuda:0', grad_fn=<AddBackward0>)
0: tensor(0.0554, device='cuda:0', grad_fn=<AddBackward0>)
0: tensor(0.0480, device='cuda:0', grad_fn=<AddBackward0>)
0: tensor(0.0513, device='cuda:0', grad_fn=<AddBackward0>)
0: tensor(0.0524, device='cuda:0', grad_fn=<AddBackward0>)
0: tensor(0.0485, device='cuda:0', grad_fn=<AddBackward0>)
0: tensor(0.0469, device='cuda:0', grad_fn=<AddBackward0>)
0: tensor(0.0429, device='cuda:0', grad_fn=<AddBackward0>)
0: tensor(0.0495, device='cuda:0', grad_fn=<AddBackward0>)
0: tensor(0.0419, device='cuda:0', grad_fn=<AddBackward0>)
0: tensor(0.0491, device='cuda:0', grad_fn=<AddBackward0>)
0: tensor(0.0467, device='cuda:0', grad_fn=<AddBackward0>)
0: tensor(0.0488, device='cuda:0', grad_fn=<AddBackward0>)
0: tensor(0.0475, device='cuda:0', grad_fn=<AddBackward0>)
0: tensor(0.0474, device='cuda:0', grad_fn=<AddBackward0>)
0: tensor(0.0509, device='cuda:0', grad_fn=<AddBackward0>)
0: tensor(0.0470, device='cuda:0', grad_fn=<AddBackward0>)
0: tensor(0.0434, device='cuda:0', grad_fn=<AddBackward0>)
0: tensor(0.0502, device='cuda:0', grad_fn=<AddBackward0>)
0: tensor(0.0535, device='cuda:0', grad_fn=<AddBackward0>)
0: tensor(0.0504, device='cuda:0', grad_fn=<AddBackward0>)
0: tensor(0.0516, device='cuda:0', grad_fn=<AddBackward0>)
0: tensor(0.0483, device='cuda:0', grad_fn=<AddBackward0>)
0: tensor(0.0448, device='cuda:0', grad_fn=<AddBackward0>)
0: tensor(0.0518, device='cuda:0', grad_fn=<AddBackward0>)
0: tensor(0.0484, device='cuda:0', grad_fn=<AddBackward0>)
0: tensor(0.0491, device='cuda:0', grad_fn=<AddBackward0>)
0: tensor(0.0478, device='cuda:0', grad_fn=<AddBackward0>)
0: tensor(0.0453, device='cuda:0', grad_fn=<AddBackward0>)
0: tensor(0.0519, device='cuda:0', grad_fn=<AddBackward0>)
0: tensor(0.0478, device='cuda:0', grad_fn=<AddBackward0>)
0: tensor(0.0526, device='cuda:0', grad_fn=<AddBackward0>)
0: tensor(0.0521, device='cuda:0', grad_fn=<AddBackward0>)
0: tensor(0.0520, device='cuda:0', grad_fn=<AddBackward0>)
0: tensor(0.0460, device='cuda:0', grad_fn=<AddBackward0>)
0: tensor(0.0512, device='cuda:0', grad_fn=<AddBackward0>)
0: tensor(0.0534, device='cuda:0', grad_fn=<AddBackward0>)
0: tensor(0.0509, device='cuda:0', grad_fn=<AddBackward0>)
0: tensor(0.0479, device='cuda:0', grad_fn=<AddBackward0>)
0: tensor(0.0500, device='cuda:0', grad_fn=<AddBackward0>)
0: tensor(0.0477, device='cuda:0', grad_fn=<AddBackward0>)
0: tensor(0.0517, device='cuda:0', grad_fn=<AddBackward0>)
0: tensor(0.0481, device='cuda:0', grad_fn=<AddBackward0>)
0: tensor(0.0573, device='cuda:0', grad_fn=<AddBackward0>)
0: tensor(0.0478, device='cuda:0', grad_fn=<AddBackward0>)
0: tensor(0.0510, device='cuda:0', grad_fn=<AddBackward0>)
0: tensor(0.0554, device='cuda:0', grad_fn=<AddBackward0>)
0: tensor(0.0545, device='cuda:0', grad_fn=<AddBackward0>)
0: tensor(0.0589, device='cuda:0', grad_fn=<AddBackward0>)
0: tensor(0.0505, device='cuda:0', grad_fn=<AddBackward0>)
0: tensor(0.0625, device='cuda:0', grad_fn=<AddBackward0>)
0: tensor(0.0503, device='cuda:0', grad_fn=<AddBackward0>)
0: tensor(0.0616, device='cuda:0', grad_fn=<AddBackward0>)
0: tensor(0.0587, device='cuda:0', grad_fn=<AddBackward0>)
0: tensor(0.0519, device='cuda:0', grad_fn=<AddBackward0>)
0: tensor(0.0534, device='cuda:0', grad_fn=<AddBackward0>)
0: tensor(0.0462, device='cuda:0', grad_fn=<AddBackward0>)
0: tensor(0.0549, device='cuda:0', grad_fn=<AddBackward0>)
0: tensor(0.0552, device='cuda:0', grad_fn=<AddBackward0>)
0: tensor(0.0505, device='cuda:0', grad_fn=<AddBackward0>)
0: tensor(0.0508, device='cuda:0', grad_fn=<AddBackward0>)
0: tensor(0.0472, device='cuda:0', grad_fn=<AddBackward0>)
0: tensor(0.0460, device='cuda:0', grad_fn=<AddBackward0>)
0: tensor(0.0486, device='cuda:0', grad_fn=<AddBackward0>)
0: tensor(0.0483, device='cuda:0', grad_fn=<AddBackward0>)
0: tensor(0.0466, device='cuda:0', grad_fn=<AddBackward0>)
0: tensor(0.0488, device='cuda:0', grad_fn=<AddBackward0>)
0: tensor(0.0460, device='cuda:0', grad_fn=<AddBackward0>)
0: tensor(0.0489, device='cuda:0', grad_fn=<AddBackward0>)
0: tensor(0.0427, device='cuda:0', grad_fn=<AddBackward0>)
0: tensor(0.0472, device='cuda:0', grad_fn=<AddBackward0>)
0: tensor(0.0500, device='cuda:0', grad_fn=<AddBackward0>)
0: tensor(0.0547, device='cuda:0', grad_fn=<AddBackward0>)
0: tensor(0.0503, device='cuda:0', grad_fn=<AddBackward0>)
0: tensor(0.0503, device='cuda:0', grad_fn=<AddBackward0>)
0: tensor(0.0463, device='cuda:0', grad_fn=<AddBackward0>)
0: tensor(0.0478, device='cuda:0', grad_fn=<AddBackward0>)
0: tensor(0.0510, device='cuda:0', grad_fn=<AddBackward0>)
0: tensor(0.0480, device='cuda:0', grad_fn=<AddBackward0>)
0: tensor(0.0418, device='cuda:0', grad_fn=<AddBackward0>)
0: tensor(0.0443, device='cuda:0', grad_fn=<AddBackward0>)
0: tensor(0.0471, device='cuda:0', grad_fn=<AddBackward0>)
0: tensor(0.0530, device='cuda:0', grad_fn=<AddBackward0>)
0: tensor(0.0478, device='cuda:0', grad_fn=<AddBackward0>)
0: tensor(0.0501, device='cuda:0', grad_fn=<AddBackward0>)
0: tensor(0.0463, device='cuda:0', grad_fn=<AddBackward0>)
0: tensor(0.0447, device='cuda:0', grad_fn=<AddBackward0>)
0: tensor(0.0435, device='cuda:0', grad_fn=<AddBackward0>)
0: tensor(0.0421, device='cuda:0', grad_fn=<AddBackward0>)
0: tensor(0.0417, device='cuda:0', grad_fn=<AddBackward0>)
0: tensor(0.0513, device='cuda:0', grad_fn=<AddBackward0>)
0: tensor(0.0456, device='cuda:0', grad_fn=<AddBackward0>)
0: tensor(0.0449, device='cuda:0', grad_fn=<AddBackward0>)
0: tensor(0.0429, device='cuda:0', grad_fn=<AddBackward0>)
0: tensor(0.0453, device='cuda:0', grad_fn=<AddBackward0>)
0: tensor(0.0457, device='cuda:0', grad_fn=<AddBackward0>)
0: tensor(0.0462, device='cuda:0', grad_fn=<AddBackward0>)
0: tensor(0.0419, device='cuda:0', grad_fn=<AddBackward0>)
0: tensor(0.0453, device='cuda:0', grad_fn=<AddBackward0>)
0: tensor(0.0478, device='cuda:0', grad_fn=<AddBackward0>)
0: tensor(0.0437, device='cuda:0', grad_fn=<AddBackward0>)
0: tensor(0.0423, device='cuda:0', grad_fn=<AddBackward0>)
0: tensor(0.0463, device='cuda:0', grad_fn=<AddBackward0>)
0: tensor(0.0486, device='cuda:0', grad_fn=<AddBackward0>)
0: tensor(0.0473, device='cuda:0', grad_fn=<AddBackward0>)
0: tensor(0.0470, device='cuda:0', grad_fn=<AddBackward0>)
0: tensor(0.0429, device='cuda:0', grad_fn=<AddBackward0>)
0: tensor(0.0463, device='cuda:0', grad_fn=<AddBackward0>)
0: tensor(0.0440, device='cuda:0', grad_fn=<AddBackward0>)
0: tensor(0.0442, device='cuda:0', grad_fn=<AddBackward0>)
0: tensor(0.0456, device='cuda:0', grad_fn=<AddBackward0>)
0: tensor(0.0442, device='cuda:0', grad_fn=<AddBackward0>)
0: tensor(0.0427, device='cuda:0', grad_fn=<AddBackward0>)
0: tensor(0.0445, device='cuda:0', grad_fn=<AddBackward0>)
0: tensor(0.0444, device='cuda:0', grad_fn=<AddBackward0>)
0: tensor(0.0434, device='cuda:0', grad_fn=<AddBackward0>)
0: tensor(0.0469, device='cuda:0', grad_fn=<AddBackward0>)
0: tensor(0.0470, device='cuda:0', grad_fn=<AddBackward0>)
0: tensor(0.0456, device='cuda:0', grad_fn=<AddBackward0>)
0: tensor(0.0455, device='cuda:0', grad_fn=<AddBackward0>)
0: tensor(0.0447, device='cuda:0', grad_fn=<AddBackward0>)
0: tensor(0.0443, device='cuda:0', grad_fn=<AddBackward0>)
0: tensor(0.0426, device='cuda:0', grad_fn=<AddBackward0>)
0: tensor(0.0428, device='cuda:0', grad_fn=<AddBackward0>)
0: tensor(0.0463, device='cuda:0', grad_fn=<AddBackward0>)
0: tensor(0.0428, device='cuda:0', grad_fn=<AddBackward0>)
0: tensor(0.0440, device='cuda:0', grad_fn=<AddBackward0>)
0: tensor(0.0425, device='cuda:0', grad_fn=<AddBackward0>)
0: tensor(0.0421, device='cuda:0', grad_fn=<AddBackward0>)
0: tensor(0.0479, device='cuda:0', grad_fn=<AddBackward0>)
0: tensor(0.0429, device='cuda:0', grad_fn=<AddBackward0>)
0: tensor(0.0431, device='cuda:0', grad_fn=<AddBackward0>)
0: tensor(0.0472, device='cuda:0', grad_fn=<AddBackward0>)
0: tensor(0.0414, device='cuda:0', grad_fn=<AddBackward0>)
0: tensor(0.0435, device='cuda:0', grad_fn=<AddBackward0>)
0: tensor(0.0439, device='cuda:0', grad_fn=<AddBackward0>)
0: tensor(0.0431, device='cuda:0', grad_fn=<AddBackward0>)
0: tensor(0.0437, device='cuda:0', grad_fn=<AddBackward0>)
0: tensor(0.0461, device='cuda:0', grad_fn=<AddBackward0>)
0: tensor(0.0395, device='cuda:0', grad_fn=<AddBackward0>)
0: tensor(0.0469, device='cuda:0', grad_fn=<AddBackward0>)
0: tensor(0.0437, device='cuda:0', grad_fn=<AddBackward0>)
0: tensor(0.0442, device='cuda:0', grad_fn=<AddBackward0>)
0: tensor(0.0393, device='cuda:0', grad_fn=<AddBackward0>)
0: tensor(0.0435, device='cuda:0', grad_fn=<AddBackward0>)
0: tensor(0.0460, device='cuda:0', grad_fn=<AddBackward0>)
0: tensor(0.0470, device='cuda:0', grad_fn=<AddBackward0>)
0: tensor(0.0432, device='cuda:0', grad_fn=<AddBackward0>)
0: tensor(0.0479, device='cuda:0', grad_fn=<AddBackward0>)
0: tensor(0.0397, device='cuda:0', grad_fn=<AddBackward0>)
0: tensor(0.0450, device='cuda:0', grad_fn=<AddBackward0>)
0: tensor(0.0453, device='cuda:0', grad_fn=<AddBackward0>)
0: tensor(0.0455, device='cuda:0', grad_fn=<AddBackward0>)
0: tensor(0.0430, device='cuda:0', grad_fn=<AddBackward0>)
0: tensor(0.0423, device='cuda:0', grad_fn=<AddBackward0>)
0: tensor(0.0454, device='cuda:0', grad_fn=<AddBackward0>)
0: tensor(0.0407, device='cuda:0', grad_fn=<AddBackward0>)
0: tensor(0.0406, device='cuda:0', grad_fn=<AddBackward0>)
0: tensor(0.0438, device='cuda:0', grad_fn=<AddBackward0>)
0: tensor(0.0417, device='cuda:0', grad_fn=<AddBackward0>)
0: tensor(0.0432, device='cuda:0', grad_fn=<AddBackward0>)
0: tensor(0.0449, device='cuda:0', grad_fn=<AddBackward0>)
0: tensor(0.0458, device='cuda:0', grad_fn=<AddBackward0>)
0: tensor(0.0394, device='cuda:0', grad_fn=<AddBackward0>)
0: tensor(0.0459, device='cuda:0', grad_fn=<AddBackward0>)
0: tensor(0.0406, device='cuda:0', grad_fn=<AddBackward0>)
0: tensor(0.0484, device='cuda:0', grad_fn=<AddBackward0>)
0: tensor(0.0425, device='cuda:0', grad_fn=<AddBackward0>)
0: tensor(0.0567, device='cuda:0', grad_fn=<AddBackward0>)
0: tensor(0.0412, device='cuda:0', grad_fn=<AddBackward0>)
0: tensor(0.0554, device='cuda:0', grad_fn=<AddBackward0>)
0: tensor(0.0511, device='cuda:0', grad_fn=<AddBackward0>)
0: tensor(0.0539, device='cuda:0', grad_fn=<AddBackward0>)
0: tensor(0.0514, device='cuda:0', grad_fn=<AddBackward0>)
0: tensor(0.0543, device='cuda:0', grad_fn=<AddBackward0>)
0: tensor(0.0566, device='cuda:0', grad_fn=<AddBackward0>)
0: tensor(0.0408, device='cuda:0', grad_fn=<AddBackward0>)
0: tensor(0.0501, device='cuda:0', grad_fn=<AddBackward0>)
0: tensor(0.0424, device='cuda:0', grad_fn=<AddBackward0>)
0: tensor(0.0449, device='cuda:0', grad_fn=<AddBackward0>)
0: tensor(0.0416, device='cuda:0', grad_fn=<AddBackward0>)
0: tensor(0.0475, device='cuda:0', grad_fn=<AddBackward0>)
0: tensor(0.0446, device='cuda:0', grad_fn=<AddBackward0>)
0: tensor(0.0485, device='cuda:0', grad_fn=<AddBackward0>)
0: tensor(0.0462, device='cuda:0', grad_fn=<AddBackward0>)
0: tensor(0.0488, device='cuda:0', grad_fn=<AddBackward0>)
0: tensor(0.0467, device='cuda:0', grad_fn=<AddBackward0>)
0: tensor(0.0482, device='cuda:0', grad_fn=<AddBackward0>)
0: tensor(0.0440, device='cuda:0', grad_fn=<AddBackward0>)
0: tensor(0.0473, device='cuda:0', grad_fn=<AddBackward0>)
0: tensor(0.0431, device='cuda:0', grad_fn=<AddBackward0>)
0: tensor(0.0422, device='cuda:0', grad_fn=<AddBackward0>)
0: tensor(0.0427, device='cuda:0', grad_fn=<AddBackward0>)
0: tensor(0.0417, device='cuda:0', grad_fn=<AddBackward0>)
0: tensor(0.0392, device='cuda:0', grad_fn=<AddBackward0>)
0: tensor(0.0400, device='cuda:0', grad_fn=<AddBackward0>)
0: tensor(0.0414, device='cuda:0', grad_fn=<AddBackward0>)
0: tensor(0.0385, device='cuda:0', grad_fn=<AddBackward0>)
0: tensor(0.0418, device='cuda:0', grad_fn=<AddBackward0>)
0: tensor(0.0439, device='cuda:0', grad_fn=<AddBackward0>)
0: tensor(0.0379, device='cuda:0', grad_fn=<AddBackward0>)
0: tensor(0.0435, device='cuda:0', grad_fn=<AddBackward0>)
0: tensor(0.0378, device='cuda:0', grad_fn=<AddBackward0>)
0: tensor(0.0447, device='cuda:0', grad_fn=<AddBackward0>)
0: tensor(0.0388, device='cuda:0', grad_fn=<AddBackward0>)
0: tensor(0.0410, device='cuda:0', grad_fn=<AddBackward0>)
0: tensor(0.0412, device='cuda:0', grad_fn=<AddBackward0>)
0: tensor(0.0400, device='cuda:0', grad_fn=<AddBackward0>)
0: tensor(0.0363, device='cuda:0', grad_fn=<AddBackward0>)
0: tensor(0.0395, device='cuda:0', grad_fn=<AddBackward0>)
0: tensor(0.0444, device='cuda:0', grad_fn=<AddBackward0>)
0: tensor(0.0406, device='cuda:0', grad_fn=<AddBackward0>)
0: tensor(0.0438, device='cuda:0', grad_fn=<AddBackward0>)
0: tensor(0.0396, device='cuda:0', grad_fn=<AddBackward0>)
0: tensor(0.0383, device='cuda:0', grad_fn=<AddBackward0>)
0: tensor(0.0465, device='cuda:0', grad_fn=<AddBackward0>)
0: tensor(0.0418, device='cuda:0', grad_fn=<AddBackward0>)
0: tensor(0.0397, device='cuda:0', grad_fn=<AddBackward0>)
0: tensor(0.0413, device='cuda:0', grad_fn=<AddBackward0>)
0: tensor(0.0390, device='cuda:0', grad_fn=<AddBackward0>)
0: tensor(0.0393, device='cuda:0', grad_fn=<AddBackward0>)
0: tensor(0.0415, device='cuda:0', grad_fn=<AddBackward0>)
0: tensor(0.0361, device='cuda:0', grad_fn=<AddBackward0>)
0: tensor(0.0385, device='cuda:0', grad_fn=<AddBackward0>)
0: tensor(0.0383, device='cuda:0', grad_fn=<AddBackward0>)
0: tensor(0.0367, device='cuda:0', grad_fn=<AddBackward0>)
0: tensor(0.0401, device='cuda:0', grad_fn=<AddBackward0>)
0: tensor(0.0390, device='cuda:0', grad_fn=<AddBackward0>)
0: tensor(0.0431, device='cuda:0', grad_fn=<AddBackward0>)
0: tensor(0.0399, device='cuda:0', grad_fn=<AddBackward0>)
0: tensor(0.0348, device='cuda:0', grad_fn=<AddBackward0>)
0: tensor(0.0401, device='cuda:0', grad_fn=<AddBackward0>)
0: tensor(0.0388, device='cuda:0', grad_fn=<AddBackward0>)
0: tensor(0.0380, device='cuda:0', grad_fn=<AddBackward0>)
0: tensor(0.0377, device='cuda:0', grad_fn=<AddBackward0>)
0: tensor(0.0382, device='cuda:0', grad_fn=<AddBackward0>)
0: tensor(0.0397, device='cuda:0', grad_fn=<AddBackward0>)
0: tensor(0.0361, device='cuda:0', grad_fn=<AddBackward0>)
0: tensor(0.0401, device='cuda:0', grad_fn=<AddBackward0>)
0: tensor(0.0375, device='cuda:0', grad_fn=<AddBackward0>)
0: tensor(0.0347, device='cuda:0', grad_fn=<AddBackward0>)
0: tensor(0.0372, device='cuda:0', grad_fn=<AddBackward0>)
0: tensor(0.0409, device='cuda:0', grad_fn=<AddBackward0>)
0: tensor(0.0364, device='cuda:0', grad_fn=<AddBackward0>)
0: tensor(0.0400, device='cuda:0', grad_fn=<AddBackward0>)
0: tensor(0.0405, device='cuda:0', grad_fn=<AddBackward0>)
0: tensor(0.0379, device='cuda:0', grad_fn=<AddBackward0>)
0: tensor(0.0358, device='cuda:0', grad_fn=<AddBackward0>)
0: tensor(0.0398, device='cuda:0', grad_fn=<AddBackward0>)
0: tensor(0.0387, device='cuda:0', grad_fn=<AddBackward0>)
0: tensor(0.0379, device='cuda:0', grad_fn=<AddBackward0>)
0: tensor(0.0372, device='cuda:0', grad_fn=<AddBackward0>)
0: tensor(0.0382, device='cuda:0', grad_fn=<AddBackward0>)
0: tensor(0.0345, device='cuda:0', grad_fn=<AddBackward0>)
0: tensor(0.0395, device='cuda:0', grad_fn=<AddBackward0>)
0: tensor(0.0412, device='cuda:0', grad_fn=<AddBackward0>)
0: tensor(0.0386, device='cuda:0', grad_fn=<AddBackward0>)
0: tensor(0.0395, device='cuda:0', grad_fn=<AddBackward0>)
0: tensor(0.0405, device='cuda:0', grad_fn=<AddBackward0>)
0: tensor(0.0415, device='cuda:0', grad_fn=<AddBackward0>)
0: tensor(0.0405, device='cuda:0', grad_fn=<AddBackward0>)
0: tensor(0.0393, device='cuda:0', grad_fn=<AddBackward0>)
0: tensor(0.0452, device='cuda:0', grad_fn=<AddBackward0>)
0: tensor(0.0388, device='cuda:0', grad_fn=<AddBackward0>)
0: tensor(0.0441, device='cuda:0', grad_fn=<AddBackward0>)
0: tensor(0.0368, device='cuda:0', grad_fn=<AddBackward0>)
0: tensor(0.0403, device='cuda:0', grad_fn=<AddBackward0>)
0: tensor(0.0365, device='cuda:0', grad_fn=<AddBackward0>)
0: tensor(0.0465, device='cuda:0', grad_fn=<AddBackward0>)
0: tensor(0.0358, device='cuda:0', grad_fn=<AddBackward0>)
0: tensor(0.0463, device='cuda:0', grad_fn=<AddBackward0>)
0: tensor(0.0355, device='cuda:0', grad_fn=<AddBackward0>)
0: tensor(0.0436, device='cuda:0', grad_fn=<AddBackward0>)
0: tensor(0.0382, device='cuda:0', grad_fn=<AddBackward0>)
0: tensor(0.0398, device='cuda:0', grad_fn=<AddBackward0>)
0: tensor(0.0415, device='cuda:0', grad_fn=<AddBackward0>)
0: tensor(0.0431, device='cuda:0', grad_fn=<AddBackward0>)
0: tensor(0.0373, device='cuda:0', grad_fn=<AddBackward0>)
0: tensor(0.0396, device='cuda:0', grad_fn=<AddBackward0>)
0: tensor(0.0415, device='cuda:0', grad_fn=<AddBackward0>)
0: tensor(0.0392, device='cuda:0', grad_fn=<AddBackward0>)
0: tensor(0.0443, device='cuda:0', grad_fn=<AddBackward0>)
0: tensor(0.0376, device='cuda:0', grad_fn=<AddBackward0>)
0: tensor(0.0520, device='cuda:0', grad_fn=<AddBackward0>)
0: tensor(0.0437, device='cuda:0', grad_fn=<AddBackward0>)
0: tensor(0.0435, device='cuda:0', grad_fn=<AddBackward0>)
0: tensor(0.0420, device='cuda:0', grad_fn=<AddBackward0>)
0: tensor(0.0395, device='cuda:0', grad_fn=<AddBackward0>)
0: tensor(0.0407, device='cuda:0', grad_fn=<AddBackward0>)
0: tensor(0.0442, device='cuda:0', grad_fn=<AddBackward0>)
0: tensor(0.0355, device='cuda:0', grad_fn=<AddBackward0>)
0: tensor(0.0422, device='cuda:0', grad_fn=<AddBackward0>)
0: tensor(0.0388, device='cuda:0', grad_fn=<AddBackward0>)
0: tensor(0.0400, device='cuda:0', grad_fn=<AddBackward0>)
0: tensor(0.0396, device='cuda:0', grad_fn=<AddBackward0>)
0: tensor(0.0454, device='cuda:0', grad_fn=<AddBackward0>)
0: tensor(0.0407, device='cuda:0', grad_fn=<AddBackward0>)
0: tensor(0.0443, device='cuda:0', grad_fn=<AddBackward0>)
0: tensor(0.0394, device='cuda:0', grad_fn=<AddBackward0>)
0: tensor(0.0427, device='cuda:0', grad_fn=<AddBackward0>)
0: tensor(0.0426, device='cuda:0', grad_fn=<AddBackward0>)
0: tensor(0.0360, device='cuda:0', grad_fn=<AddBackward0>)
0: tensor(0.0407, device='cuda:0', grad_fn=<AddBackward0>)
0: tensor(0.0389, device='cuda:0', grad_fn=<AddBackward0>)
0: tensor(0.0367, device='cuda:0', grad_fn=<AddBackward0>)
0: tensor(0.0384, device='cuda:0', grad_fn=<AddBackward0>)
0: tensor(0.0359, device='cuda:0', grad_fn=<AddBackward0>)
0: tensor(0.0420, device='cuda:0', grad_fn=<AddBackward0>)
0: tensor(0.0366, device='cuda:0', grad_fn=<AddBackward0>)
0: tensor(0.0350, device='cuda:0', grad_fn=<AddBackward0>)
0: tensor(0.0390, device='cuda:0', grad_fn=<AddBackward0>)
0: tensor(0.0388, device='cuda:0', grad_fn=<AddBackward0>)
0: tensor(0.0349, device='cuda:0', grad_fn=<AddBackward0>)
0: tensor(0.0369, device='cuda:0', grad_fn=<AddBackward0>)
0: tensor(0.0333, device='cuda:0', grad_fn=<AddBackward0>)
0: tensor(0.0373, device='cuda:0', grad_fn=<AddBackward0>)
0: tensor(0.0414, device='cuda:0', grad_fn=<AddBackward0>)
0: tensor(0.0474, device='cuda:0', grad_fn=<AddBackward0>)
0: tensor(0.0389, device='cuda:0', grad_fn=<AddBackward0>)
0: tensor(0.0456, device='cuda:0', grad_fn=<AddBackward0>)
0: tensor(0.0348, device='cuda:0', grad_fn=<AddBackward0>)
0: tensor(0.0389, device='cuda:0', grad_fn=<AddBackward0>)
0: tensor(0.0402, device='cuda:0', grad_fn=<AddBackward0>)
0: tensor(0.0383, device='cuda:0', grad_fn=<AddBackward0>)
0: tensor(0.0410, device='cuda:0', grad_fn=<AddBackward0>)
0: tensor(0.0402, device='cuda:0', grad_fn=<AddBackward0>)
0: tensor(0.0406, device='cuda:0', grad_fn=<AddBackward0>)
0: tensor(0.0352, device='cuda:0', grad_fn=<AddBackward0>)
0: tensor(0.0410, device='cuda:0', grad_fn=<AddBackward0>)
0: tensor(0.0364, device='cuda:0', grad_fn=<AddBackward0>)
0: tensor(0.0407, device='cuda:0', grad_fn=<AddBackward0>)
0: tensor(0.0369, device='cuda:0', grad_fn=<AddBackward0>)
0: tensor(0.0351, device='cuda:0', grad_fn=<AddBackward0>)
0: tensor(0.0367, device='cuda:0', grad_fn=<AddBackward0>)
0: tensor(0.0358, device='cuda:0', grad_fn=<AddBackward0>)
0: tensor(0.0369, device='cuda:0', grad_fn=<AddBackward0>)
0: tensor(0.0405, device='cuda:0', grad_fn=<AddBackward0>)
0: tensor(0.0405, device='cuda:0', grad_fn=<AddBackward0>)
0: tensor(0.0374, device='cuda:0', grad_fn=<AddBackward0>)
0: tensor(0.0362, device='cuda:0', grad_fn=<AddBackward0>)
0: tensor(0.0350, device='cuda:0', grad_fn=<AddBackward0>)
0: tensor(0.0368, device='cuda:0', grad_fn=<AddBackward0>)
0: tensor(0.0360, device='cuda:0', grad_fn=<AddBackward0>)
0: tensor(0.0360, device='cuda:0', grad_fn=<AddBackward0>)
0: tensor(0.0322, device='cuda:0', grad_fn=<AddBackward0>)
0: tensor(0.0370, device='cuda:0', grad_fn=<AddBackward0>)
0: tensor(0.0355, device='cuda:0', grad_fn=<AddBackward0>)
0: tensor(0.0333, device='cuda:0', grad_fn=<AddBackward0>)
0: tensor(0.0370, device='cuda:0', grad_fn=<AddBackward0>)
0: tensor(0.0335, device='cuda:0', grad_fn=<AddBackward0>)
0: tensor(0.0360, device='cuda:0', grad_fn=<AddBackward0>)
0: tensor(0.0363, device='cuda:0', grad_fn=<AddBackward0>)
0: tensor(0.0364, device='cuda:0', grad_fn=<AddBackward0>)
0: tensor(0.0360, device='cuda:0', grad_fn=<AddBackward0>)
0: tensor(0.0357, device='cuda:0', grad_fn=<AddBackward0>)
0: tensor(0.0365, device='cuda:0', grad_fn=<AddBackward0>)
0: tensor(0.0348, device='cuda:0', grad_fn=<AddBackward0>)
0: tensor(0.0369, device='cuda:0', grad_fn=<AddBackward0>)
0: tensor(0.0347, device='cuda:0', grad_fn=<AddBackward0>)
0: tensor(0.0392, device='cuda:0', grad_fn=<AddBackward0>)
0: tensor(0.0373, device='cuda:0', grad_fn=<AddBackward0>)
0: tensor(0.0353, device='cuda:0', grad_fn=<AddBackward0>)
0: tensor(0.0337, device='cuda:0', grad_fn=<AddBackward0>)
0: tensor(0.0361, device='cuda:0', grad_fn=<AddBackward0>)
0: tensor(0.0358, device='cuda:0', grad_fn=<AddBackward0>)
0: tensor(0.0371, device='cuda:0', grad_fn=<AddBackward0>)
0: tensor(0.0355, device='cuda:0', grad_fn=<AddBackward0>)
0: tensor(0.0339, device='cuda:0', grad_fn=<AddBackward0>)
0: tensor(0.0344, device='cuda:0', grad_fn=<AddBackward0>)
0: tensor(0.0407, device='cuda:0', grad_fn=<AddBackward0>)
0: tensor(0.0322, device='cuda:0', grad_fn=<AddBackward0>)
0: tensor(0.0401, device='cuda:0', grad_fn=<AddBackward0>)
0: tensor(0.0349, device='cuda:0', grad_fn=<AddBackward0>)
0: tensor(0.0379, device='cuda:0', grad_fn=<AddBackward0>)
0: tensor(0.0374, device='cuda:0', grad_fn=<AddBackward0>)
0: tensor(0.0336, device='cuda:0', grad_fn=<AddBackward0>)
0: tensor(0.0371, device='cuda:0', grad_fn=<AddBackward0>)
0: tensor(0.0381, device='cuda:0', grad_fn=<AddBackward0>)
0: tensor(0.0375, device='cuda:0', grad_fn=<AddBackward0>)
0: tensor(0.0354, device='cuda:0', grad_fn=<AddBackward0>)
0: tensor(0.0328, device='cuda:0', grad_fn=<AddBackward0>)
0: tensor(0.0331, device='cuda:0', grad_fn=<AddBackward0>)
0: tensor(0.0355, device='cuda:0', grad_fn=<AddBackward0>)
0: tensor(0.0345, device='cuda:0', grad_fn=<AddBackward0>)
0: tensor(0.0366, device='cuda:0', grad_fn=<AddBackward0>)
0: tensor(0.0311, device='cuda:0', grad_fn=<AddBackward0>)
0: tensor(0.0341, device='cuda:0', grad_fn=<AddBackward0>)
0: tensor(0.0334, device='cuda:0', grad_fn=<AddBackward0>)
0: tensor(0.0384, device='cuda:0', grad_fn=<AddBackward0>)
0: tensor(0.0343, device='cuda:0', grad_fn=<AddBackward0>)
0: tensor(0.0356, device='cuda:0', grad_fn=<AddBackward0>)
0: tensor(0.0349, device='cuda:0', grad_fn=<AddBackward0>)
0: tensor(0.0320, device='cuda:0', grad_fn=<AddBackward0>)
0: tensor(0.0339, device='cuda:0', grad_fn=<AddBackward0>)
0: tensor(0.0354, device='cuda:0', grad_fn=<AddBackward0>)
0: tensor(0.0311, device='cuda:0', grad_fn=<AddBackward0>)
0: tensor(0.0349, device='cuda:0', grad_fn=<AddBackward0>)
0: tensor(0.0350, device='cuda:0', grad_fn=<AddBackward0>)
0: tensor(0.0370, device='cuda:0', grad_fn=<AddBackward0>)
0: tensor(0.0380, device='cuda:0', grad_fn=<AddBackward0>)
0: tensor(0.0366, device='cuda:0', grad_fn=<AddBackward0>)
0: tensor(0.0357, device='cuda:0', grad_fn=<AddBackward0>)
0: tensor(0.0331, device='cuda:0', grad_fn=<AddBackward0>)
0: tensor(0.0345, device='cuda:0', grad_fn=<AddBackward0>)
0: tensor(0.0301, device='cuda:0', grad_fn=<AddBackward0>)
0: tensor(0.0311, device='cuda:0', grad_fn=<AddBackward0>)
0: tensor(0.0301, device='cuda:0', grad_fn=<AddBackward0>)
0: tensor(0.0321, device='cuda:0', grad_fn=<AddBackward0>)
0: tensor(0.0325, device='cuda:0', grad_fn=<AddBackward0>)
0: tensor(0.0380, device='cuda:0', grad_fn=<AddBackward0>)
0: tensor(0.0326, device='cuda:0', grad_fn=<AddBackward0>)
0: tensor(0.0319, device='cuda:0', grad_fn=<AddBackward0>)
0: tensor(0.0391, device='cuda:0', grad_fn=<AddBackward0>)
0: tensor(0.0343, device='cuda:0', grad_fn=<AddBackward0>)
0: tensor(0.0319, device='cuda:0', grad_fn=<AddBackward0>)
0: tensor(0.0312, device='cuda:0', grad_fn=<AddBackward0>)
0: tensor(0.0304, device='cuda:0', grad_fn=<AddBackward0>)
0: tensor(0.0346, device='cuda:0', grad_fn=<AddBackward0>)
0: tensor(0.0319, device='cuda:0', grad_fn=<AddBackward0>)
0: tensor(0.0317, device='cuda:0', grad_fn=<AddBackward0>)
0: tensor(0.0322, device='cuda:0', grad_fn=<AddBackward0>)
0: tensor(0.0301, device='cuda:0', grad_fn=<AddBackward0>)
0: tensor(0.0333, device='cuda:0', grad_fn=<AddBackward0>)
0: tensor(0.0346, device='cuda:0', grad_fn=<AddBackward0>)
0: tensor(0.0320, device='cuda:0', grad_fn=<AddBackward0>)
0: tensor(0.0305, device='cuda:0', grad_fn=<AddBackward0>)
0: tensor(0.0389, device='cuda:0', grad_fn=<AddBackward0>)
0: tensor(0.0417, device='cuda:0', grad_fn=<AddBackward0>)
0: tensor(0.0327, device='cuda:0', grad_fn=<AddBackward0>)
0: tensor(0.0391, device='cuda:0', grad_fn=<AddBackward0>)
0: tensor(0.0350, device='cuda:0', grad_fn=<AddBackward0>)
0: tensor(0.0493, device='cuda:0', grad_fn=<AddBackward0>)
0: tensor(0.0365, device='cuda:0', grad_fn=<AddBackward0>)
0: tensor(0.0452, device='cuda:0', grad_fn=<AddBackward0>)
0: tensor(0.0411, device='cuda:0', grad_fn=<AddBackward0>)
0: tensor(0.0479, device='cuda:0', grad_fn=<AddBackward0>)
0: tensor(0.0576, device='cuda:0', grad_fn=<AddBackward0>)
0: tensor(0.0329, device='cuda:0', grad_fn=<AddBackward0>)
0: tensor(0.0551, device='cuda:0', grad_fn=<AddBackward0>)
0: tensor(0.0476, device='cuda:0', grad_fn=<AddBackward0>)
0: tensor(0.0429, device='cuda:0', grad_fn=<AddBackward0>)
0: tensor(0.0488, device='cuda:0', grad_fn=<AddBackward0>)
0: tensor(0.0364, device='cuda:0', grad_fn=<AddBackward0>)
0: tensor(0.0419, device='cuda:0', grad_fn=<AddBackward0>)
0: tensor(0.0356, device='cuda:0', grad_fn=<AddBackward0>)
0: tensor(0.0443, device='cuda:0', grad_fn=<AddBackward0>)
0: tensor(0.0467, device='cuda:0', grad_fn=<AddBackward0>)
0: tensor(0.0390, device='cuda:0', grad_fn=<AddBackward0>)
0: tensor(0.0439, device='cuda:0', grad_fn=<AddBackward0>)
0: tensor(0.0373, device='cuda:0', grad_fn=<AddBackward0>)
0: tensor(0.0487, device='cuda:0', grad_fn=<AddBackward0>)
0: tensor(0.0416, device='cuda:0', grad_fn=<AddBackward0>)
0: tensor(0.0391, device='cuda:0', grad_fn=<AddBackward0>)
0: tensor(0.0496, device='cuda:0', grad_fn=<AddBackward0>)
0: tensor(0.0345, device='cuda:0', grad_fn=<AddBackward0>)
0: tensor(0.0404, device='cuda:0', grad_fn=<AddBackward0>)
0: tensor(0.0440, device='cuda:0', grad_fn=<AddBackward0>)
0: tensor(0.0353, device='cuda:0', grad_fn=<AddBackward0>)
0: tensor(0.0412, device='cuda:0', grad_fn=<AddBackward0>)
0: tensor(0.0395, device='cuda:0', grad_fn=<AddBackward0>)
0: tensor(0.0388, device='cuda:0', grad_fn=<AddBackward0>)
0: tensor(0.0482, device='cuda:0', grad_fn=<AddBackward0>)
0: tensor(0.0335, device='cuda:0', grad_fn=<AddBackward0>)
0: tensor(0.0439, device='cuda:0', grad_fn=<AddBackward0>)
0: tensor(0.0350, device='cuda:0', grad_fn=<AddBackward0>)
0: tensor(0.0327, device='cuda:0', grad_fn=<AddBackward0>)
0: tensor(0.0326, device='cuda:0', grad_fn=<AddBackward0>)
0: tensor(0.0314, device='cuda:0', grad_fn=<AddBackward0>)
0: tensor(0.0360, device='cuda:0', grad_fn=<AddBackward0>)
0: tensor(0.0359, device='cuda:0', grad_fn=<AddBackward0>)
0: tensor(0.0327, device='cuda:0', grad_fn=<AddBackward0>)
0: tensor(0.0362, device='cuda:0', grad_fn=<AddBackward0>)
0: tensor(0.0338, device='cuda:0', grad_fn=<AddBackward0>)
0: tensor(0.0313, device='cuda:0', grad_fn=<AddBackward0>)
0: tensor(0.0345, device='cuda:0', grad_fn=<AddBackward0>)
0: tensor(0.0357, device='cuda:0', grad_fn=<AddBackward0>)
0: tensor(0.0354, device='cuda:0', grad_fn=<AddBackward0>)
0: tensor(0.0279, device='cuda:0', grad_fn=<AddBackward0>)
0: tensor(0.0322, device='cuda:0', grad_fn=<AddBackward0>)
0: tensor(0.0318, device='cuda:0', grad_fn=<AddBackward0>)
0: tensor(0.0325, device='cuda:0', grad_fn=<AddBackward0>)
0: tensor(0.0357, device='cuda:0', grad_fn=<AddBackward0>)
0: tensor(0.0353, device='cuda:0', grad_fn=<AddBackward0>)
0: tensor(0.0284, device='cuda:0', grad_fn=<AddBackward0>)
0: tensor(0.0334, device='cuda:0', grad_fn=<AddBackward0>)
0: tensor(0.0295, device='cuda:0', grad_fn=<AddBackward0>)
0: tensor(0.0346, device='cuda:0', grad_fn=<AddBackward0>)
0: tensor(0.0323, device='cuda:0', grad_fn=<AddBackward0>)
0: tensor(0.0380, device='cuda:0', grad_fn=<AddBackward0>)
0: tensor(0.0346, device='cuda:0', grad_fn=<AddBackward0>)
0: tensor(0.0359, device='cuda:0', grad_fn=<AddBackward0>)
0: tensor(0.0341, device='cuda:0', grad_fn=<AddBackward0>)
0: tensor(0.0332, device='cuda:0', grad_fn=<AddBackward0>)
0: tensor(0.0309, device='cuda:0', grad_fn=<AddBackward0>)
0: tensor(0.0327, device='cuda:0', grad_fn=<AddBackward0>)
0: tensor(0.0292, device='cuda:0', grad_fn=<AddBackward0>)
0: tensor(0.0280, device='cuda:0', grad_fn=<AddBackward0>)
0: tensor(0.0293, device='cuda:0', grad_fn=<AddBackward0>)
0: tensor(0.0356, device='cuda:0', grad_fn=<AddBackward0>)
0: tensor(0.0300, device='cuda:0', grad_fn=<AddBackward0>)
0: tensor(0.0391, device='cuda:0', grad_fn=<AddBackward0>)
0: tensor(0.0292, device='cuda:0', grad_fn=<AddBackward0>)
0: tensor(0.0338, device='cuda:0', grad_fn=<AddBackward0>)
0: tensor(0.0339, device='cuda:0', grad_fn=<AddBackward0>)
0: tensor(0.0311, device='cuda:0', grad_fn=<AddBackward0>)
0: tensor(0.0317, device='cuda:0', grad_fn=<AddBackward0>)
0: tensor(0.0352, device='cuda:0', grad_fn=<AddBackward0>)
0: tensor(0.0317, device='cuda:0', grad_fn=<AddBackward0>)
0: tensor(0.0354, device='cuda:0', grad_fn=<AddBackward0>)
0: tensor(0.0374, device='cuda:0', grad_fn=<AddBackward0>)
0: tensor(0.0348, device='cuda:0', grad_fn=<AddBackward0>)
0: tensor(0.0260, device='cuda:0', grad_fn=<AddBackward0>)
0: tensor(0.0334, device='cuda:0', grad_fn=<AddBackward0>)
0: tensor(0.0314, device='cuda:0', grad_fn=<AddBackward0>)
0: tensor(0.0346, device='cuda:0', grad_fn=<AddBackward0>)
0: tensor(0.0270, device='cuda:0', grad_fn=<AddBackward0>)
0: tensor(0.0410, device='cuda:0', grad_fn=<AddBackward0>)
0: tensor(0.0358, device='cuda:0', grad_fn=<AddBackward0>)
0: tensor(0.0326, device='cuda:0', grad_fn=<AddBackward0>)
0: tensor(0.0374, device='cuda:0', grad_fn=<AddBackward0>)
0: tensor(0.0387, device='cuda:0', grad_fn=<AddBackward0>)
0: tensor(0.0377, device='cuda:0', grad_fn=<AddBackward0>)
0: tensor(0.0309, device='cuda:0', grad_fn=<AddBackward0>)
0: tensor(0.0424, device='cuda:0', grad_fn=<AddBackward0>)
0: tensor(0.0372, device='cuda:0', grad_fn=<AddBackward0>)
0: tensor(0.0377, device='cuda:0', grad_fn=<AddBackward0>)
0: tensor(0.0386, device='cuda:0', grad_fn=<AddBackward0>)
0: tensor(0.0311, device='cuda:0', grad_fn=<AddBackward0>)
0: tensor(0.0393, device='cuda:0', grad_fn=<AddBackward0>)
0: tensor(0.0294, device='cuda:0', grad_fn=<AddBackward0>)
0: tensor(0.0329, device='cuda:0', grad_fn=<AddBackward0>)
0: tensor(0.0316, device='cuda:0', grad_fn=<AddBackward0>)
0: tensor(0.0359, device='cuda:0', grad_fn=<AddBackward0>)
0: tensor(0.0301, device='cuda:0', grad_fn=<AddBackward0>)
0: tensor(0.0351, device='cuda:0', grad_fn=<AddBackward0>)
0: tensor(0.0406, device='cuda:0', grad_fn=<AddBackward0>)
0: tensor(0.0314, device='cuda:0', grad_fn=<AddBackward0>)
0: tensor(0.0307, device='cuda:0', grad_fn=<AddBackward0>)
0: tensor(0.0263, device='cuda:0', grad_fn=<AddBackward0>)
0: tensor(0.0359, device='cuda:0', grad_fn=<AddBackward0>)
0: tensor(0.0330, device='cuda:0', grad_fn=<AddBackward0>)
0: tensor(0.0302, device='cuda:0', grad_fn=<AddBackward0>)
0: tensor(0.0305, device='cuda:0', grad_fn=<AddBackward0>)
0: tensor(0.0309, device='cuda:0', grad_fn=<AddBackward0>)
0: tensor(0.0288, device='cuda:0', grad_fn=<AddBackward0>)
0: tensor(0.0280, device='cuda:0', grad_fn=<AddBackward0>)
0: tensor(0.0305, device='cuda:0', grad_fn=<AddBackward0>)
0: tensor(0.0310, device='cuda:0', grad_fn=<AddBackward0>)
0: tensor(0.0324, device='cuda:0', grad_fn=<AddBackward0>)
0: tensor(0.0317, device='cuda:0', grad_fn=<AddBackward0>)
0: tensor(0.0264, device='cuda:0', grad_fn=<AddBackward0>)
0: tensor(0.0317, device='cuda:0', grad_fn=<AddBackward0>)
0: tensor(0.0268, device='cuda:0', grad_fn=<AddBackward0>)
0: tensor(0.0320, device='cuda:0', grad_fn=<AddBackward0>)
0: tensor(0.0280, device='cuda:0', grad_fn=<AddBackward0>)
0: tensor(0.0295, device='cuda:0', grad_fn=<AddBackward0>)
0: tensor(0.0275, device='cuda:0', grad_fn=<AddBackward0>)
0: tensor(0.0302, device='cuda:0', grad_fn=<AddBackward0>)
0: tensor(0.0255, device='cuda:0', grad_fn=<AddBackward0>)
0: tensor(0.0271, device='cuda:0', grad_fn=<AddBackward0>)
0: tensor(0.0301, device='cuda:0', grad_fn=<AddBackward0>)
0: tensor(0.0263, device='cuda:0', grad_fn=<AddBackward0>)
0: tensor(0.0293, device='cuda:0', grad_fn=<AddBackward0>)
0: tensor(0.0279, device='cuda:0', grad_fn=<AddBackward0>)
0: tensor(0.0299, device='cuda:0', grad_fn=<AddBackward0>)
0: tensor(0.0245, device='cuda:0', grad_fn=<AddBackward0>)
0: tensor(0.0290, device='cuda:0', grad_fn=<AddBackward0>)
0: tensor(0.0277, device='cuda:0', grad_fn=<AddBackward0>)
0: tensor(0.0246, device='cuda:0', grad_fn=<AddBackward0>)
0: tensor(0.0256, device='cuda:0', grad_fn=<AddBackward0>)
0: tensor(0.0295, device='cuda:0', grad_fn=<AddBackward0>)
0: tensor(0.0266, device='cuda:0', grad_fn=<AddBackward0>)
0: tensor(0.0262, device='cuda:0', grad_fn=<AddBackward0>)
0: tensor(0.0284, device='cuda:0', grad_fn=<AddBackward0>)
0: tensor(0.0245, device='cuda:0', grad_fn=<AddBackward0>)
0: tensor(0.0272, device='cuda:0', grad_fn=<AddBackward0>)
0: tensor(0.0274, device='cuda:0', grad_fn=<AddBackward0>)
0: tensor(0.0284, device='cuda:0', grad_fn=<AddBackward0>)
0: tensor(0.0246, device='cuda:0', grad_fn=<AddBackward0>)
0: tensor(0.0267, device='cuda:0', grad_fn=<AddBackward0>)
0: tensor(0.0281, device='cuda:0', grad_fn=<AddBackward0>)
0: tensor(0.0282, device='cuda:0', grad_fn=<AddBackward0>)
0: tensor(0.0291, device='cuda:0', grad_fn=<AddBackward0>)
0: tensor(0.0246, device='cuda:0', grad_fn=<AddBackward0>)
0: tensor(0.0294, device='cuda:0', grad_fn=<AddBackward0>)
0: tensor(0.0274, device='cuda:0', grad_fn=<AddBackward0>)
0: tensor(0.0258, device='cuda:0', grad_fn=<AddBackward0>)
0: tensor(0.0303, device='cuda:0', grad_fn=<AddBackward0>)
0: tensor(0.0255, device='cuda:0', grad_fn=<AddBackward0>)
0: tensor(0.0270, device='cuda:0', grad_fn=<AddBackward0>)
0: tensor(0.0269, device='cuda:0', grad_fn=<AddBackward0>)
0: tensor(0.0263, device='cuda:0', grad_fn=<AddBackward0>)
0: tensor(0.0290, device='cuda:0', grad_fn=<AddBackward0>)
0: tensor(0.0232, device='cuda:0', grad_fn=<AddBackward0>)
0: tensor(0.0310, device='cuda:0', grad_fn=<AddBackward0>)
0: tensor(0.0284, device='cuda:0', grad_fn=<AddBackward0>)
0: tensor(0.0279, device='cuda:0', grad_fn=<AddBackward0>)
0: tensor(0.0233, device='cuda:0', grad_fn=<AddBackward0>)
0: tensor(0.0270, device='cuda:0', grad_fn=<AddBackward0>)
0: tensor(0.0301, device='cuda:0', grad_fn=<AddBackward0>)
0: tensor(0.0256, device='cuda:0', grad_fn=<AddBackward0>)
0: tensor(0.0261, device='cuda:0', grad_fn=<AddBackward0>)
0: tensor(0.0243, device='cuda:0', grad_fn=<AddBackward0>)
0: tensor(0.0299, device='cuda:0', grad_fn=<AddBackward0>)
0: tensor(0.0217, device='cuda:0', grad_fn=<AddBackward0>)
0: tensor(0.0252, device='cuda:0', grad_fn=<AddBackward0>)
0: tensor(0.0235, device='cuda:0', grad_fn=<AddBackward0>)
0: tensor(0.0233, device='cuda:0', grad_fn=<AddBackward0>)
0: tensor(0.0291, device='cuda:0', grad_fn=<AddBackward0>)
0: tensor(0.0253, device='cuda:0', grad_fn=<AddBackward0>)
0: tensor(0.0244, device='cuda:0', grad_fn=<AddBackward0>)
0: tensor(0.0261, device='cuda:0', grad_fn=<AddBackward0>)
0: tensor(0.0260, device='cuda:0', grad_fn=<AddBackward0>)
0: tensor(0.0239, device='cuda:0', grad_fn=<AddBackward0>)
0: tensor(0.0264, device='cuda:0', grad_fn=<AddBackward0>)
0: tensor(0.0226, device='cuda:0', grad_fn=<AddBackward0>)
0: tensor(0.0327, device='cuda:0', grad_fn=<AddBackward0>)
0: tensor(0.0285, device='cuda:0', grad_fn=<AddBackward0>)
0: tensor(0.0282, device='cuda:0', grad_fn=<AddBackward0>)
0: tensor(0.0283, device='cuda:0', grad_fn=<AddBackward0>)
0: tensor(0.0290, device='cuda:0', grad_fn=<AddBackward0>)
0: tensor(0.0243, device='cuda:0', grad_fn=<AddBackward0>)
0: tensor(0.0267, device='cuda:0', grad_fn=<AddBackward0>)
0: tensor(0.0337, device='cuda:0', grad_fn=<AddBackward0>)
0: tensor(0.0267, device='cuda:0', grad_fn=<AddBackward0>)
0: tensor(0.0308, device='cuda:0', grad_fn=<AddBackward0>)
0: tensor(0.0271, device='cuda:0', grad_fn=<AddBackward0>)
0: tensor(0.0283, device='cuda:0', grad_fn=<AddBackward0>)
0: tensor(0.0287, device='cuda:0', grad_fn=<AddBackward0>)
0: tensor(0.0246, device='cuda:0', grad_fn=<AddBackward0>)
0: tensor(0.0288, device='cuda:0', grad_fn=<AddBackward0>)
0: tensor(0.0259, device='cuda:0', grad_fn=<AddBackward0>)
0: tensor(0.0289, device='cuda:0', grad_fn=<AddBackward0>)
0: tensor(0.0260, device='cuda:0', grad_fn=<AddBackward0>)
0: tensor(0.0306, device='cuda:0', grad_fn=<AddBackward0>)
0: tensor(0.0226, device='cuda:0', grad_fn=<AddBackward0>)
0: tensor(0.0255, device='cuda:0', grad_fn=<AddBackward0>)
0: tensor(0.0269, device='cuda:0', grad_fn=<AddBackward0>)
0: tensor(0.0241, device='cuda:0', grad_fn=<AddBackward0>)
0: tensor(0.0244, device='cuda:0', grad_fn=<AddBackward0>)
0: tensor(0.0245, device='cuda:0', grad_fn=<AddBackward0>)
0: tensor(0.0247, device='cuda:0', grad_fn=<AddBackward0>)
0: tensor(0.0267, device='cuda:0', grad_fn=<AddBackward0>)
0: tensor(0.0251, device='cuda:0', grad_fn=<AddBackward0>)
0: tensor(0.0233, device='cuda:0', grad_fn=<AddBackward0>)
0: tensor(0.0270, device='cuda:0', grad_fn=<AddBackward0>)
0: tensor(0.0258, device='cuda:0', grad_fn=<AddBackward0>)
0: tensor(0.0246, device='cuda:0', grad_fn=<AddBackward0>)
0: tensor(0.0280, device='cuda:0', grad_fn=<AddBackward0>)
0: tensor(0.0270, device='cuda:0', grad_fn=<AddBackward0>)
0: tensor(0.0232, device='cuda:0', grad_fn=<AddBackward0>)
0: tensor(0.0276, device='cuda:0', grad_fn=<AddBackward0>)
0: tensor(0.0239, device='cuda:0', grad_fn=<AddBackward0>)
0: tensor(0.0243, device='cuda:0', grad_fn=<AddBackward0>)
0: tensor(0.0276, device='cuda:0', grad_fn=<AddBackward0>)
0: tensor(0.0256, device='cuda:0', grad_fn=<AddBackward0>)
0: tensor(0.0206, device='cuda:0', grad_fn=<AddBackward0>)
0: tensor(0.0298, device='cuda:0', grad_fn=<AddBackward0>)
0: tensor(0.0300, device='cuda:0', grad_fn=<AddBackward0>)
0: tensor(0.0224, device='cuda:0', grad_fn=<AddBackward0>)
0: tensor(0.0292, device='cuda:0', grad_fn=<AddBackward0>)
0: tensor(0.0220, device='cuda:0', grad_fn=<AddBackward0>)
0: tensor(0.0381, device='cuda:0', grad_fn=<AddBackward0>)
0: tensor(0.0288, device='cuda:0', grad_fn=<AddBackward0>)
0: tensor(0.0405, device='cuda:0', grad_fn=<AddBackward0>)
0: tensor(0.0287, device='cuda:0', grad_fn=<AddBackward0>)
0: tensor(0.0336, device='cuda:0', grad_fn=<AddBackward0>)
0: tensor(0.0296, device='cuda:0', grad_fn=<AddBackward0>)
0: tensor(0.0328, device='cuda:0', grad_fn=<AddBackward0>)
0: tensor(0.0331, device='cuda:0', grad_fn=<AddBackward0>)
srun: Job step aborted: Waiting up to 32 seconds for job step to finish.
0: slurmstepd: error: *** STEP 2330.0 ON gn03 CANCELLED AT 2024-12-04T18:24:24 ***
slurmstepd: error: *** JOB 2330 ON gn03 CANCELLED AT 2024-12-04T18:24:24 ***
