 
:: initializing oneAPI environment ...
   slurm_script: BASH_VERSION = 4.4.20(1)-release
   args: Using "$@" for setvars.sh arguments: 
:: advisor -- latest
:: ccl -- latest
:: clck -- latest
:: compiler -- latest
:: dal -- latest
:: debugger -- latest
:: dev-utilities -- latest
:: dnnl -- latest
:: dpcpp-ct -- latest
:: dpl -- latest
:: inspector -- latest
:: ipp -- latest
:: ippcp -- latest
:: ipp -- latest
:: itac -- latest
:: mkl -- latest
:: mpi -- latest
:: tbb -- latest
:: vtune -- latest
:: oneAPI environment initialized ::
 
job start time is Wed Dec 4 17:02:38 -05 2024
+ srun -N1 -n1 --cpu_bind=cores -l --nodelist=gn03 --cpus-per-task=96 singularity exec --nv -B /home/urso -B /scratch --pwd /home/urso/PavicHDR/logs /home/urso/.lico/container/Python.sif bash /home/urso/PavicHDR/train.sh
0: ===> Start training 
0: 
0:         Dataset dir:     /home/urso/Datasets/Kalantari/
0:         Subset:          sig17_training_crop128_stride64
0:         Epochs:          100
0:         Batch size:      32
0:         Learning rate:   0.0002
0:         Training size:   68376
0:         Device:          cuda
0:         
0: Train Epoch: 0 [68352/68376 (100 %)]	Loss: nan	Time: 0.158 (0.193196)	Data: 0.000 (0.083094)
0: Traceback (most recent call last):
0:   File "/home/urso/PavicHDR/train.py", line 344, in <module>
0:     main()
0:   File "/home/urso/PavicHDR/train.py", line 340, in main
0:     test(args, model, device, optimizer, epoch, cur_psnr)
0:   File "/home/urso/PavicHDR/train.py", line 213, in test
0:     test_datasets = SIG17_Test_Dataset(args.dataset_dir, args.patch_size)
0:                                                          ^^^^^^^^^^^^^^^
0: AttributeError: 'Namespace' object has no attribute 'patch_size'. Did you mean: 'batch_size'?
srun: error: gn03: task 0: Exited with exit code 1
+ set +x
job end time is Wed Dec 4 17:10:43 -05 2024
