 
:: initializing oneAPI environment ...
   slurm_script: BASH_VERSION = 4.4.20(1)-release
   args: Using "$@" for setvars.sh arguments: 
:: advisor -- latest
:: ccl -- latest
:: clck -- latest
:: compiler -- latest
:: dal -- latest
:: debugger -- latest
:: dev-utilities -- latest
:: dnnl -- latest
:: dpcpp-ct -- latest
:: dpl -- latest
:: inspector -- latest
:: ipp -- latest
:: ippcp -- latest
:: ipp -- latest
:: itac -- latest
:: mkl -- latest
:: mpi -- latest
:: tbb -- latest
:: vtune -- latest
:: oneAPI environment initialized ::
 
job start time is Tue Dec 3 11:57:45 -05 2024
+ srun -N1 -n1 --cpu_bind=cores -l --nodelist=gn01 --cpus-per-task=96 singularity exec --nv -B /home/urso -B /scratch --pwd /home/urso/PavicHDR/logs /home/urso/.lico/container/Python.sif bash /home/urso/PavicHDR/train.sh
0: ===> Start training 
0: 
0:         Dataset dir:     /home/urso/Datasets/Kalantari/
0:         Subset:          sig17_training_crop128_stride64
0:         Epochs:          100
0:         Batch size:      8
0:         Learning rate:   0.0002
0:         Training size:   68376
0:         Device:          cuda
0:         
srun: Job step aborted: Waiting up to 32 seconds for job step to finish.
slurmstepd: error: *** JOB 2312 ON gn01 CANCELLED AT 2024-12-03T17:14:23 ***
0: slurmstepd: error: *** STEP 2312.0 ON gn01 CANCELLED AT 2024-12-03T17:14:23 ***
